<?xml version="1.0" encoding="UTF-8"?>
<testsuite name="com.velocity.poc.PocApplicationTests" tests="1" skipped="0" failures="1" errors="0" timestamp="2018-12-27T15:43:16" hostname="S2IT-UOL-0030" time="0.003">
  <properties/>
  <testcase name="initializationError" classname="com.velocity.poc.PocApplicationTests" time="0.003">
    <failure message="java.lang.IllegalStateException: Unable to find a @SpringBootConfiguration, you need to use @ContextConfiguration or @SpringBootTest(classes=...) with your test" type="java.lang.IllegalStateException">java.lang.IllegalStateException: Unable to find a @SpringBootConfiguration, you need to use @ContextConfiguration or @SpringBootTest(classes=...) with your test
	at org.springframework.util.Assert.state(Assert.java:70)
	at org.springframework.boot.test.context.SpringBootTestContextBootstrapper.getOrFindConfigurationClasses(SpringBootTestContextBootstrapper.java:202)
	at org.springframework.boot.test.context.SpringBootTestContextBootstrapper.processMergedContextConfiguration(SpringBootTestContextBootstrapper.java:137)
	at org.springframework.test.context.support.AbstractTestContextBootstrapper.buildMergedContextConfiguration(AbstractTestContextBootstrapper.java:397)
	at org.springframework.test.context.support.AbstractTestContextBootstrapper.buildDefaultMergedContextConfiguration(AbstractTestContextBootstrapper.java:311)
	at org.springframework.test.context.support.AbstractTestContextBootstrapper.buildMergedContextConfiguration(AbstractTestContextBootstrapper.java:265)
	at org.springframework.test.context.support.AbstractTestContextBootstrapper.buildTestContext(AbstractTestContextBootstrapper.java:105)
	at org.springframework.boot.test.context.SpringBootTestContextBootstrapper.buildTestContext(SpringBootTestContextBootstrapper.java:82)
	at org.springframework.test.context.TestContextManager.&lt;init&gt;(TestContextManager.java:120)
	at org.springframework.test.context.TestContextManager.&lt;init&gt;(TestContextManager.java:105)
	at org.springframework.test.context.junit4.SpringJUnit4ClassRunner.createTestContextManager(SpringJUnit4ClassRunner.java:152)
	at org.springframework.test.context.junit4.SpringJUnit4ClassRunner.&lt;init&gt;(SpringJUnit4ClassRunner.java:143)
	at org.springframework.test.context.junit4.SpringRunner.&lt;init&gt;(SpringRunner.java:49)
	at sun.reflect.NativeConstructorAccessorImpl.newInstance0(Native Method)
	at sun.reflect.NativeConstructorAccessorImpl.newInstance(NativeConstructorAccessorImpl.java:62)
	at sun.reflect.DelegatingConstructorAccessorImpl.newInstance(DelegatingConstructorAccessorImpl.java:45)
	at java.lang.reflect.Constructor.newInstance(Constructor.java:423)
	at org.junit.internal.builders.AnnotatedBuilder.buildRunner(AnnotatedBuilder.java:104)
	at org.junit.internal.builders.AnnotatedBuilder.runnerForClass(AnnotatedBuilder.java:86)
	at org.junit.runners.model.RunnerBuilder.safeRunnerForClass(RunnerBuilder.java:59)
	at org.junit.internal.builders.AllDefaultPossibilitiesBuilder.runnerForClass(AllDefaultPossibilitiesBuilder.java:26)
	at org.junit.runners.model.RunnerBuilder.safeRunnerForClass(RunnerBuilder.java:59)
	at org.junit.internal.requests.ClassRequest.getRunner(ClassRequest.java:33)
	at org.gradle.api.internal.tasks.testing.junit.JUnitTestClassExecuter.runTestClass(JUnitTestClassExecuter.java:86)
	at org.gradle.api.internal.tasks.testing.junit.JUnitTestClassExecuter.execute(JUnitTestClassExecuter.java:57)
	at org.gradle.api.internal.tasks.testing.junit.JUnitTestClassProcessor.processTestClass(JUnitTestClassProcessor.java:66)
	at org.gradle.api.internal.tasks.testing.SuiteTestClassProcessor.processTestClass(SuiteTestClassProcessor.java:51)
	at sun.reflect.NativeMethodAccessorImpl.invoke0(Native Method)
	at sun.reflect.NativeMethodAccessorImpl.invoke(NativeMethodAccessorImpl.java:62)
	at sun.reflect.DelegatingMethodAccessorImpl.invoke(DelegatingMethodAccessorImpl.java:43)
	at java.lang.reflect.Method.invoke(Method.java:498)
	at org.gradle.internal.dispatch.ReflectionDispatch.dispatch(ReflectionDispatch.java:35)
	at org.gradle.internal.dispatch.ReflectionDispatch.dispatch(ReflectionDispatch.java:24)
	at org.gradle.internal.dispatch.ContextClassLoaderDispatch.dispatch(ContextClassLoaderDispatch.java:32)
	at org.gradle.internal.dispatch.ProxyDispatchAdapter$DispatchingInvocationHandler.invoke(ProxyDispatchAdapter.java:93)
	at com.sun.proxy.$Proxy2.processTestClass(Unknown Source)
	at org.gradle.api.internal.tasks.testing.worker.TestWorker.processTestClass(TestWorker.java:109)
	at sun.reflect.NativeMethodAccessorImpl.invoke0(Native Method)
	at sun.reflect.NativeMethodAccessorImpl.invoke(NativeMethodAccessorImpl.java:62)
	at sun.reflect.DelegatingMethodAccessorImpl.invoke(DelegatingMethodAccessorImpl.java:43)
	at java.lang.reflect.Method.invoke(Method.java:498)
	at org.gradle.internal.dispatch.ReflectionDispatch.dispatch(ReflectionDispatch.java:35)
	at org.gradle.internal.dispatch.ReflectionDispatch.dispatch(ReflectionDispatch.java:24)
	at org.gradle.internal.remote.internal.hub.MessageHubBackedObjectConnection$DispatchWrapper.dispatch(MessageHubBackedObjectConnection.java:147)
	at org.gradle.internal.remote.internal.hub.MessageHubBackedObjectConnection$DispatchWrapper.dispatch(MessageHubBackedObjectConnection.java:129)
	at org.gradle.internal.remote.internal.hub.MessageHub$Handler.run(MessageHub.java:404)
	at org.gradle.internal.concurrent.ExecutorPolicy$CatchAndRecordFailures.onExecute(ExecutorPolicy.java:63)
	at org.gradle.internal.concurrent.StoppableExecutorImpl$1.run(StoppableExecutorImpl.java:46)
	at java.util.concurrent.ThreadPoolExecutor.runWorker(ThreadPoolExecutor.java:1149)
	at java.util.concurrent.ThreadPoolExecutor$Worker.run(ThreadPoolExecutor.java:624)
	at java.lang.Thread.run(Thread.java:748)
</failure>
  </testcase>
  <system-out><![CDATA[13:43:16.441 [Test worker] DEBUG org.springframework.test.context.junit4.SpringJUnit4ClassRunner - SpringJUnit4ClassRunner constructor called with [class com.velocity.poc.PocApplicationTests]
13:43:16.444 [Test worker] DEBUG org.springframework.test.context.BootstrapUtils - Instantiating CacheAwareContextLoaderDelegate from class [org.springframework.test.context.cache.DefaultCacheAwareContextLoaderDelegate]
13:43:16.449 [Test worker] DEBUG org.springframework.test.context.BootstrapUtils - Instantiating BootstrapContext using constructor [public org.springframework.test.context.support.DefaultBootstrapContext(java.lang.Class,org.springframework.test.context.CacheAwareContextLoaderDelegate)]
13:43:16.460 [Test worker] DEBUG org.springframework.test.context.BootstrapUtils - Instantiating TestContextBootstrapper for test class [com.velocity.poc.PocApplicationTests] from class [org.springframework.boot.test.context.SpringBootTestContextBootstrapper]
13:43:16.468 [Test worker] INFO org.springframework.boot.test.context.SpringBootTestContextBootstrapper - Neither @ContextConfiguration nor @ContextHierarchy found for test class [com.velocity.poc.PocApplicationTests], using SpringBootContextLoader
13:43:16.470 [Test worker] DEBUG org.springframework.test.context.support.AbstractContextLoader - Did not detect default resource location for test class [com.velocity.poc.PocApplicationTests]: class path resource [com/velocity/poc/PocApplicationTests-context.xml] does not exist
13:43:16.471 [Test worker] DEBUG org.springframework.test.context.support.AbstractContextLoader - Did not detect default resource location for test class [com.velocity.poc.PocApplicationTests]: class path resource [com/velocity/poc/PocApplicationTestsContext.groovy] does not exist
13:43:16.471 [Test worker] INFO org.springframework.test.context.support.AbstractContextLoader - Could not detect default resource locations for test class [com.velocity.poc.PocApplicationTests]: no resource found for suffixes {-context.xml, Context.groovy}.
13:43:16.471 [Test worker] INFO org.springframework.test.context.support.AnnotationConfigContextLoaderUtils - Could not detect default configuration classes for test class [com.velocity.poc.PocApplicationTests]: PocApplicationTests does not declare any static, non-private, non-final, nested classes annotated with @Configuration.
13:43:16.493 [Test worker] DEBUG org.springframework.test.context.support.ActiveProfilesUtils - Could not find an 'annotation declaring class' for annotation type [org.springframework.test.context.ActiveProfiles] and class [com.velocity.poc.PocApplicationTests]
13:43:16.498 [Test worker] DEBUG org.springframework.core.env.StandardEnvironment - Adding PropertySource 'systemProperties' with lowest search precedence
13:43:16.499 [Test worker] DEBUG org.springframework.core.env.StandardEnvironment - Adding PropertySource 'systemEnvironment' with lowest search precedence
13:43:16.500 [Test worker] DEBUG org.springframework.core.env.StandardEnvironment - Initialized StandardEnvironment with PropertySources [MapPropertySource@548637196 {name='systemProperties', properties={java.runtime.name=Java(TM) SE Runtime Environment, sun.boot.library.path=/usr/lib/jvm/java-8-oracle/jre/lib/amd64, java.vm.version=25.171-b11, java.vm.vendor=Oracle Corporation, java.vendor.url=http://java.oracle.com/, path.separator=:, java.vm.name=Java HotSpot(TM) 64-Bit Server VM, file.encoding.pkg=sun.io, sun.java.launcher=SUN_STANDARD, user.country=US, sun.os.patch.level=unknown, java.vm.specification.name=Java Virtual Machine Specification, user.dir=/home/s2it_ftagliacozzi/workspace/poc, java.runtime.version=1.8.0_171-b11, java.awt.graphicsenv=sun.awt.X11GraphicsEnvironment, java.endorsed.dirs=/usr/lib/jvm/java-8-oracle/jre/lib/endorsed, os.arch=amd64, java.io.tmpdir=/tmp, line.separator=
, java.vm.specification.vendor=Oracle Corporation, user.variant=, os.name=Linux, sun.jnu.encoding=UTF-8, java.library.path=/usr/java/packages/lib/amd64:/usr/lib64:/lib64:/lib:/usr/lib, java.specification.name=Java Platform API Specification, java.class.version=52.0, sun.management.compiler=HotSpot 64-Bit Tiered Compilers, os.version=4.10.0-38-generic, user.home=/home/s2it_ftagliacozzi, user.timezone=America/Sao_Paulo, java.awt.printerjob=sun.print.PSPrinterJob, file.encoding=UTF-8, java.specification.version=1.8, java.class.path=/home/s2it_ftagliacozzi/workspace/poc/build/classes/test:/home/s2it_ftagliacozzi/workspace/poc/build/resources/test:/home/s2it_ftagliacozzi/workspace/poc/build/classes/main:/home/s2it_ftagliacozzi/workspace/poc/build/resources/main:/home/s2it_ftagliacozzi/.gradle/caches/modules-2/files-2.1/org.springframework.boot/spring-boot-starter-web/1.3.8.RELEASE/3179307578f329f3460b5b14a465801a53659071/spring-boot-starter-web-1.3.8.RELEASE.jar:/home/s2it_ftagliacozzi/.gradle/caches/modules-2/files-2.1/org.springframework.boot/spring-boot-starter-velocity/1.3.8.RELEASE/c07c33b3520b5d77cf50f5231dc9abb08dd9fd92/spring-boot-starter-velocity-1.3.8.RELEASE.jar:/home/s2it_ftagliacozzi/.gradle/caches/modules-2/files-2.1/org.apache.velocity/velocity/1.7/2ceb567b8f3f21118ecdec129fe1271dbc09aa7a/velocity-1.7.jar:/home/s2it_ftagliacozzi/.gradle/caches/modules-2/files-2.1/org.springframework.boot/spring-boot-starter-test/1.5.18.RELEASE/eed16f4264c534a87f571f55d3e2e889ab3a74a4/spring-boot-starter-test-1.5.18.RELEASE.jar:/home/s2it_ftagliacozzi/.gradle/caches/modules-2/files-2.1/org.springframework.boot/spring-boot-starter/1.5.18.RELEASE/f7676e6488e22fcf6c0119120d7364e14fa11dca/spring-boot-starter-1.5.18.RELEASE.jar:/home/s2it_ftagliacozzi/.gradle/caches/modules-2/files-2.1/org.springframework.boot/spring-boot-starter-tomcat/1.5.18.RELEASE/a9698317aa43178ae5f09ae015a828f9919a878c/spring-boot-starter-tomcat-1.5.18.RELEASE.jar:/home/s2it_ftagliacozzi/.gradle/caches/modules-2/files-2.1/org.springframework.boot/spring-boot-starter-validation/1.5.18.RELEASE/eb82d99dcad53c4434ac5389918e47a122fa24d/spring-boot-starter-validation-1.5.18.RELEASE.jar:/home/s2it_ftagliacozzi/.gradle/caches/modules-2/files-2.1/com.fasterxml.jackson.core/jackson-databind/2.8.11.3/844df5aba5a1a56e00905b165b12bb34116ee858/jackson-databind-2.8.11.3.jar:/home/s2it_ftagliacozzi/.gradle/caches/modules-2/files-2.1/org.springframework/spring-web/4.3.21.RELEASE/64e4d7c10ce844ea093bee12f0bc9afc563ffa33/spring-web-4.3.21.RELEASE.jar:/home/s2it_ftagliacozzi/.gradle/caches/modules-2/files-2.1/org.springframework/spring-webmvc/4.3.21.RELEASE/697b5d133fc9293a25caec960fd19c7bd518f56a/spring-webmvc-4.3.21.RELEASE.jar:/home/s2it_ftagliacozzi/.gradle/caches/modules-2/files-2.1/commons-beanutils/commons-beanutils/1.9.3/c845703de334ddc6b4b3cd26835458cb1cba1f3d/commons-beanutils-1.9.3.jar:/home/s2it_ftagliacozzi/.gradle/caches/modules-2/files-2.1/commons-collections/commons-collections/3.2.2/8ad72fe39fa8c91eaaf12aadb21e0c3661fe26d5/commons-collections-3.2.2.jar:/home/s2it_ftagliacozzi/.gradle/caches/modules-2/files-2.1/commons-digester/commons-digester/2.1/73a8001e7a54a255eef0f03521ec1805dc738ca0/commons-digester-2.1.jar:/home/s2it_ftagliacozzi/.gradle/caches/modules-2/files-2.1/org.apache.velocity/velocity-tools/2.0/69936384de86857018b023a8c56ae0635c56b6a0/velocity-tools-2.0.jar:/home/s2it_ftagliacozzi/.gradle/caches/modules-2/files-2.1/org.springframework/spring-context-support/4.3.21.RELEASE/1a95108c75e45a92f7e37891d07e432bc7a7265e/spring-context-support-4.3.21.RELEASE.jar:/home/s2it_ftagliacozzi/.gradle/caches/modules-2/files-2.1/commons-lang/commons-lang/2.4/16313e02a793435009f1e458fa4af5d879f6fb11/commons-lang-2.4.jar:/home/s2it_ftagliacozzi/.gradle/caches/modules-2/files-2.1/org.springframework.boot/spring-boot-test/1.5.18.RELEASE/8ba0c21e70ee0f481eed17a28380fa0caf74f1d0/spring-boot-test-1.5.18.RELEASE.jar:/home/s2it_ftagliacozzi/.gradle/caches/modules-2/files-2.1/org.springframework.boot/spring-boot-test-autoconfigure/1.5.18.RELEASE/78b83e0f7eb016251c8a7e4b5547b4cbed151fbd/spring-boot-test-autoconfigure-1.5.18.RELEASE.jar:/home/s2it_ftagliacozzi/.gradle/caches/modules-2/files-2.1/com.jayway.jsonpath/json-path/2.2.0/22290d17944bd239fabf5ac69005a60a7ecbbbcb/json-path-2.2.0.jar:/home/s2it_ftagliacozzi/.gradle/caches/modules-2/files-2.1/junit/junit/4.12/2973d150c0dc1fefe998f834810d68f278ea58ec/junit-4.12.jar:/home/s2it_ftagliacozzi/.gradle/caches/modules-2/files-2.1/org.assertj/assertj-core/2.6.0/b532c3fc4f66bcfee4989a3514f1cd56203a33ad/assertj-core-2.6.0.jar:/home/s2it_ftagliacozzi/.gradle/caches/modules-2/files-2.1/org.mockito/mockito-core/1.10.19/e8546f5bef4e061d8dd73895b4e8f40e3fe6effe/mockito-core-1.10.19.jar:/home/s2it_ftagliacozzi/.gradle/caches/modules-2/files-2.1/org.hamcrest/hamcrest-core/1.3/42a25dc3219429f0e5d060061f71acb49bf010a0/hamcrest-core-1.3.jar:/home/s2it_ftagliacozzi/.gradle/caches/modules-2/files-2.1/org.hamcrest/hamcrest-library/1.3/4785a3c21320980282f9f33d0d1264a69040538f/hamcrest-library-1.3.jar:/home/s2it_ftagliacozzi/.gradle/caches/modules-2/files-2.1/org.skyscreamer/jsonassert/1.4.0/9cdbb373a06f6513e51e8c545ee6a5e981463edb/jsonassert-1.4.0.jar:/home/s2it_ftagliacozzi/.gradle/caches/modules-2/files-2.1/org.springframework/spring-core/4.3.21.RELEASE/baca8fcf544214f08fe594ba092d6fa88900a74e/spring-core-4.3.21.RELEASE.jar:/home/s2it_ftagliacozzi/.gradle/caches/modules-2/files-2.1/org.springframework/spring-test/4.3.21.RELEASE/98d58cf9828c4f977823153ad5ac5cc5612136f7/spring-test-4.3.21.RELEASE.jar:/home/s2it_ftagliacozzi/.gradle/caches/modules-2/files-2.1/org.springframework.boot/spring-boot/1.5.18.RELEASE/7914ca08dafc83e7013ef1f14f03357114f0e813/spring-boot-1.5.18.RELEASE.jar:/home/s2it_ftagliacozzi/.gradle/caches/modules-2/files-2.1/org.springframework.boot/spring-boot-autoconfigure/1.5.18.RELEASE/7951dd1fe36dea4a64db6c2f7e14f0b1e0adb3ea/spring-boot-autoconfigure-1.5.18.RELEASE.jar:/home/s2it_ftagliacozzi/.gradle/caches/modules-2/files-2.1/org.springframework.boot/spring-boot-starter-logging/1.5.18.RELEASE/f60df51b2b14ee57db5340cf230ccd8514407017/spring-boot-starter-logging-1.5.18.RELEASE.jar:/home/s2it_ftagliacozzi/.gradle/caches/modules-2/files-2.1/org.yaml/snakeyaml/1.17/7a27ea250c5130b2922b86dea63cbb1cc10a660c/snakeyaml-1.17.jar:/home/s2it_ftagliacozzi/.gradle/caches/modules-2/files-2.1/org.apache.tomcat.embed/tomcat-embed-core/8.5.35/9c459829e1aa72669203dbbf6648dc3b6314644c/tomcat-embed-core-8.5.35.jar:/home/s2it_ftagliacozzi/.gradle/caches/modules-2/files-2.1/org.apache.tomcat.embed/tomcat-embed-el/8.5.35/da63e21798ee42a4b4019c7345b159d3b63bc3de/tomcat-embed-el-8.5.35.jar:/home/s2it_ftagliacozzi/.gradle/caches/modules-2/files-2.1/org.apache.tomcat.embed/tomcat-embed-websocket/8.5.35/e87da30db31e2d9e70598a12b40e9c2a23215a40/tomcat-embed-websocket-8.5.35.jar:/home/s2it_ftagliacozzi/.gradle/caches/modules-2/files-2.1/org.hibernate/hibernate-validator/5.3.6.Final/4c730be8bf55a8e9a61e79a2f2c079abf48b718/hibernate-validator-5.3.6.Final.jar:/home/s2it_ftagliacozzi/.gradle/caches/modules-2/files-2.1/com.fasterxml.jackson.core/jackson-annotations/2.8.0/45b426f7796b741035581a176744d91090e2e6fb/jackson-annotations-2.8.0.jar:/home/s2it_ftagliacozzi/.gradle/caches/modules-2/files-2.1/com.fasterxml.jackson.core/jackson-core/2.8.11/876ead1db19f0c9e79c9789273a3ef8c6fd6c29b/jackson-core-2.8.11.jar:/home/s2it_ftagliacozzi/.gradle/caches/modules-2/files-2.1/org.springframework/spring-aop/4.3.21.RELEASE/e29ad56774c2e8d685b2628a1cd7df217e8e76b9/spring-aop-4.3.21.RELEASE.jar:/home/s2it_ftagliacozzi/.gradle/caches/modules-2/files-2.1/org.springframework/spring-beans/4.3.21.RELEASE/b189b059b054acd7ea3d07dc028800d471bb72b6/spring-beans-4.3.21.RELEASE.jar:/home/s2it_ftagliacozzi/.gradle/caches/modules-2/files-2.1/org.springframework/spring-context/4.3.21.RELEASE/5264ce9d8039d48684ce3fc25eb5d214fa46ab5b/spring-context-4.3.21.RELEASE.jar:/home/s2it_ftagliacozzi/.gradle/caches/modules-2/files-2.1/org.springframework/spring-expression/4.3.21.RELEASE/e69cc3105026235d4b91cb1c51c25ce125f0b7/spring-expression-4.3.21.RELEASE.jar:/home/s2it_ftagliacozzi/.gradle/caches/modules-2/files-2.1/commons-chain/commons-chain/1.1/3038bd41dcdb2b63b8c6dcc8c15f0fdf3f389012/commons-chain-1.1.jar:/home/s2it_ftagliacozzi/.gradle/caches/modules-2/files-2.1/commons-validator/commons-validator/1.3.1/d1fd6b1510f25e827adffcf17de3c85fa00e9391/commons-validator-1.3.1.jar:/home/s2it_ftagliacozzi/.gradle/caches/modules-2/files-2.1/dom4j/dom4j/1.6.1/5d3ccc056b6f056dbf0dddfdf43894b9065a8f94/dom4j-1.6.1.jar:/home/s2it_ftagliacozzi/.gradle/caches/modules-2/files-2.1/oro/oro/2.0.8/5592374f834645c4ae250f4c9fbb314c9369d698/oro-2.0.8.jar:/home/s2it_ftagliacozzi/.gradle/caches/modules-2/files-2.1/sslext/sslext/1.2-0/c86a7db4ac0bc450e675f3d44b3d64cdc934361b/sslext-1.2-0.jar:/home/s2it_ftagliacozzi/.gradle/caches/modules-2/files-2.1/org.apache.struts/struts-core/1.3.8/66178d4a9279ebb1cd1eb79c10dc204b4199f061/struts-core-1.3.8.jar:/home/s2it_ftagliacozzi/.gradle/caches/modules-2/files-2.1/org.apache.struts/struts-taglib/1.3.8/e87e9817bdf03c2367fb5f6d5ead953db2df4c21/struts-taglib-1.3.8.jar:/home/s2it_ftagliacozzi/.gradle/caches/modules-2/files-2.1/org.apache.struts/struts-tiles/1.3.8/6d212f8ea5d908bc9906e669428b7694dff60785/struts-tiles-1.3.8.jar:/home/s2it_ftagliacozzi/.gradle/caches/modules-2/files-2.1/net.minidev/json-smart/2.2.1/5b9e5df7a62d1279b70dc882b041d249c4f0b002/json-smart-2.2.1.jar:/home/s2it_ftagliacozzi/.gradle/caches/modules-2/files-2.1/org.slf4j/slf4j-api/1.7.25/da76ca59f6a57ee3102f8f9bd9cee742973efa8a/slf4j-api-1.7.25.jar:/home/s2it_ftagliacozzi/.gradle/caches/modules-2/files-2.1/org.objenesis/objenesis/2.1/87c0ea803b69252868d09308b4618f766f135a96/objenesis-2.1.jar:/home/s2it_ftagliacozzi/.gradle/caches/modules-2/files-2.1/com.vaadin.external.google/android-json/0.0.20131108.vaadin1/fa26d351fe62a6a17f5cda1287c1c6110dec413f/android-json-0.0.20131108.vaadin1.jar:/home/s2it_ftagliacozzi/.gradle/caches/modules-2/files-2.1/ch.qos.logback/logback-classic/1.1.11/ccedfbacef4a6515d2983e3f89ed753d5d4fb665/logback-classic-1.1.11.jar:/home/s2it_ftagliacozzi/.gradle/caches/modules-2/files-2.1/org.slf4j/jcl-over-slf4j/1.7.25/f8c32b13ff142a513eeb5b6330b1588dcb2c0461/jcl-over-slf4j-1.7.25.jar:/home/s2it_ftagliacozzi/.gradle/caches/modules-2/files-2.1/org.slf4j/jul-to-slf4j/1.7.25/af5364cd6679bfffb114f0dec8a157aaa283b76/jul-to-slf4j-1.7.25.jar:/home/s2it_ftagliacozzi/.gradle/caches/modules-2/files-2.1/org.slf4j/log4j-over-slf4j/1.7.25/a87bb47468f47ee7aabbd54f93e133d4215769c3/log4j-over-slf4j-1.7.25.jar:/home/s2it_ftagliacozzi/.gradle/caches/modules-2/files-2.1/org.apache.tomcat/tomcat-annotations-api/8.5.35/5e03d5b26a8cdf7368831d35baa323aaae3213b4/tomcat-annotations-api-8.5.35.jar:/home/s2it_ftagliacozzi/.gradle/caches/modules-2/files-2.1/javax.validation/validation-api/1.1.0.Final/8613ae82954779d518631e05daa73a6a954817d5/validation-api-1.1.0.Final.jar:/home/s2it_ftagliacozzi/.gradle/caches/modules-2/files-2.1/org.jboss.logging/jboss-logging/3.3.2.Final/3789d00e859632e6c6206adc0c71625559e6e3b0/jboss-logging-3.3.2.Final.jar:/home/s2it_ftagliacozzi/.gradle/caches/modules-2/files-2.1/com.fasterxml/classmate/1.3.4/3d5f48f10bbe4eb7bd862f10c0583be2e0053c6/classmate-1.3.4.jar:/home/s2it_ftagliacozzi/.gradle/caches/modules-2/files-2.1/xml-apis/xml-apis/1.4.01/3789d9fada2d3d458c4ba2de349d48780f381ee3/xml-apis-1.4.01.jar:/home/s2it_ftagliacozzi/.gradle/caches/modules-2/files-2.1/antlr/antlr/2.7.7/83cd2cd674a217ade95a4bb83a8a14f351f48bd0/antlr-2.7.7.jar:/home/s2it_ftagliacozzi/.gradle/caches/modules-2/files-2.1/net.minidev/accessors-smart/1.1/a527213f2fea112a04c9bdf0ec0264e34104cd08/accessors-smart-1.1.jar:/home/s2it_ftagliacozzi/.gradle/caches/modules-2/files-2.1/ch.qos.logback/logback-core/1.1.11/88b8df40340eed549fb07e2613879bf6b006704d/logback-core-1.1.11.jar:/home/s2it_ftagliacozzi/.gradle/caches/modules-2/files-2.1/org.ow2.asm/asm/5.0.3/dcc2193db20e19e1feca8b1240dbbc4e190824fa/asm-5.0.3.jar, user.name=s2it_ftagliacozzi, java.vm.specification.version=1.8, sun.java.command=worker.org.gradle.process.internal.worker.GradleWorkerMain 'Gradle Test Executor 1', java.home=/usr/lib/jvm/java-8-oracle/jre, sun.arch.data.model=64, user.language=en, java.specification.vendor=Oracle Corporation, awt.toolkit=sun.awt.X11.XToolkit, java.vm.info=mixed mode, java.version=1.8.0_171, java.ext.dirs=/usr/lib/jvm/java-8-oracle/jre/lib/ext:/usr/java/packages/lib/ext, sun.boot.class.path=/usr/lib/jvm/java-8-oracle/jre/lib/resources.jar:/usr/lib/jvm/java-8-oracle/jre/lib/rt.jar:/usr/lib/jvm/java-8-oracle/jre/lib/sunrsasign.jar:/usr/lib/jvm/java-8-oracle/jre/lib/jsse.jar:/usr/lib/jvm/java-8-oracle/jre/lib/jce.jar:/usr/lib/jvm/java-8-oracle/jre/lib/charsets.jar:/usr/lib/jvm/java-8-oracle/jre/lib/jfr.jar:/usr/lib/jvm/java-8-oracle/jre/classes, java.vendor=Oracle Corporation, org.gradle.test.worker=1, file.separator=/, java.vendor.url.bug=http://bugreport.sun.com/bugreport/, sun.io.unicode.encoding=UnicodeLittle, sun.cpu.endian=little, sun.desktop=gnome, sun.cpu.isalist=}}, SystemEnvironmentPropertySource@1662182396 {name='systemEnvironment', properties={PATH=/home/s2it_ftagliacozzi/bin:/home/s2it_ftagliacozzi/.local/bin:/usr/local/sbin:/usr/local/bin:/usr/sbin:/usr/bin:/sbin:/bin:/usr/games:/usr/local/games, LC_MEASUREMENT=pt_BR.UTF-8, XAUTHORITY=/home/s2it_ftagliacozzi/.Xauthority, LC_TELEPHONE=pt_BR.UTF-8, XDG_DATA_DIRS=/usr/share/cinnamon:/usr/share/gnome:/home/s2it_ftagliacozzi/.local/share/flatpak/exports/share:/var/lib/flatpak/exports/share:/usr/local/share:/usr/share, GDMSESSION=cinnamon, MANDATORY_PATH=/usr/share/gconf/cinnamon.mandatory.path, DBUS_SESSION_BUS_ADDRESS=unix:abstract=/tmp/dbus-ibhXygc1zo,guid=e8b723d3565e0217203eb6355c1ada70, DEFAULTS_PATH=/usr/share/gconf/cinnamon.default.path, XDG_CURRENT_DESKTOP=X-Cinnamon, SSH_AGENT_PID=2302, LC_PAPER=pt_BR.UTF-8, SESSION_MANAGER=local/S2IT-UOL-0030:@/tmp/.ICE-unix/2236,unix/S2IT-UOL-0030:/tmp/.ICE-unix/2236, QT_LINUX_ACCESSIBILITY_ALWAYS_ON=1, LOGNAME=s2it_ftagliacozzi, PWD=/home/s2it_ftagliacozzi, LANGUAGE=en_US, GJS_DEBUG_TOPICS=JS ERROR;JS LOG, SHELL=/bin/bash, LC_ADDRESS=pt_BR.UTF-8, GIO_LAUNCHED_DESKTOP_FILE=/home/s2it_ftagliacozzi/.local/share/applications/jetbrains-idea-ce.desktop, OLDPWD=/opt/idea-IC-181.5087.20/bin, GNOME_DESKTOP_SESSION_ID=this-is-deprecated, GTK_MODULES=gail:atk-bridge, XDG_SESSION_PATH=/org/freedesktop/DisplayManager/Session0, XDG_SESSION_DESKTOP=cinnamon, SHLVL=0, LC_IDENTIFICATION=pt_BR.UTF-8, LC_MONETARY=pt_BR.UTF-8, XDG_CONFIG_DIRS=/etc/xdg/xdg-cinnamon:/etc/xdg, LANG=en_US.UTF-8, XDG_SEAT_PATH=/org/freedesktop/DisplayManager/Seat0, XDG_SESSION_ID=c2, XDG_SESSION_TYPE=x11, DISPLAY=:0, QT_STYLE_OVERRIDE=gtk, CINNAMON_VERSION=3.6.7, LC_NAME=pt_BR.UTF-8, JABBA_HOME=/home/s2it_ftagliacozzi/.jabba, GDM_LANG=en_US, XDG_GREETER_DATA_DIR=/var/lib/lightdm-data/s2it_ftagliacozzi, DESKTOP_SESSION=cinnamon, USER=s2it_ftagliacozzi, GIO_LAUNCHED_DESKTOP_FILE_PID=17976, QT_ACCESSIBILITY=1, LC_NUMERIC=pt_BR.UTF-8, GJS_DEBUG_OUTPUT=stderr, SSH_AUTH_SOCK=/run/user/1000/keyring/ssh, XDG_SEAT=seat0, GTK_OVERLAY_SCROLLING=1, QT_QPA_PLATFORMTHEME=qgnomeplatform, XDG_VTNR=7, XDG_RUNTIME_DIR=/run/user/1000, HOME=/home/s2it_ftagliacozzi}}]
13:43:16.510 [Test worker] DEBUG org.springframework.core.io.support.PathMatchingResourcePatternResolver - Resolved classpath location [com/velocity/poc/] to resources [URL [file:/home/s2it_ftagliacozzi/workspace/poc/build/classes/test/com/velocity/poc/]]
13:43:16.511 [Test worker] DEBUG org.springframework.core.io.support.PathMatchingResourcePatternResolver - Looking for matching resources in directory tree [/home/s2it_ftagliacozzi/workspace/poc/build/classes/test/com/velocity/poc]
13:43:16.511 [Test worker] DEBUG org.springframework.core.io.support.PathMatchingResourcePatternResolver - Searching directory [/home/s2it_ftagliacozzi/workspace/poc/build/classes/test/com/velocity/poc] for files matching pattern [/home/s2it_ftagliacozzi/workspace/poc/build/classes/test/com/velocity/poc/*.class]
13:43:16.513 [Test worker] DEBUG org.springframework.core.io.support.PathMatchingResourcePatternResolver - Resolved location pattern [classpath*:com/velocity/poc/*.class] to resources [file [/home/s2it_ftagliacozzi/workspace/poc/build/classes/test/com/velocity/poc/PocApplicationTests.class]]
13:43:16.525 [Test worker] DEBUG org.springframework.core.io.support.PathMatchingResourcePatternResolver - Resolved classpath location [com/velocity/] to resources [URL [file:/home/s2it_ftagliacozzi/workspace/poc/build/classes/test/com/velocity/]]
13:43:16.526 [Test worker] DEBUG org.springframework.core.io.support.PathMatchingResourcePatternResolver - Looking for matching resources in directory tree [/home/s2it_ftagliacozzi/workspace/poc/build/classes/test/com/velocity]
13:43:16.526 [Test worker] DEBUG org.springframework.core.io.support.PathMatchingResourcePatternResolver - Searching directory [/home/s2it_ftagliacozzi/workspace/poc/build/classes/test/com/velocity] for files matching pattern [/home/s2it_ftagliacozzi/workspace/poc/build/classes/test/com/velocity/*.class]
13:43:16.526 [Test worker] DEBUG org.springframework.core.io.support.PathMatchingResourcePatternResolver - Resolved location pattern [classpath*:com/velocity/*.class] to resources []
13:43:16.527 [Test worker] DEBUG org.springframework.core.io.support.PathMatchingResourcePatternResolver - Resolved classpath location [com/] to resources [URL [file:/home/s2it_ftagliacozzi/workspace/poc/build/classes/test/com/], URL [jar:file:/home/s2it_ftagliacozzi/.gradle/caches/modules-2/files-2.1/com.fasterxml.jackson.core/jackson-databind/2.8.11.3/844df5aba5a1a56e00905b165b12bb34116ee858/jackson-databind-2.8.11.3.jar!/com/], URL [jar:file:/home/s2it_ftagliacozzi/.gradle/caches/modules-2/files-2.1/com.jayway.jsonpath/json-path/2.2.0/22290d17944bd239fabf5ac69005a60a7ecbbbcb/json-path-2.2.0.jar!/com/], URL [jar:file:/home/s2it_ftagliacozzi/.gradle/caches/modules-2/files-2.1/com.fasterxml.jackson.core/jackson-annotations/2.8.0/45b426f7796b741035581a176744d91090e2e6fb/jackson-annotations-2.8.0.jar!/com/], URL [jar:file:/home/s2it_ftagliacozzi/.gradle/caches/modules-2/files-2.1/com.fasterxml.jackson.core/jackson-core/2.8.11/876ead1db19f0c9e79c9789273a3ef8c6fd6c29b/jackson-core-2.8.11.jar!/com/], URL [jar:file:/home/s2it_ftagliacozzi/.gradle/caches/modules-2/files-2.1/com.fasterxml/classmate/1.3.4/3d5f48f10bbe4eb7bd862f10c0583be2e0053c6/classmate-1.3.4.jar!/com/]]
13:43:16.527 [Test worker] DEBUG org.springframework.core.io.support.PathMatchingResourcePatternResolver - Looking for matching resources in directory tree [/home/s2it_ftagliacozzi/workspace/poc/build/classes/test/com]
13:43:16.528 [Test worker] DEBUG org.springframework.core.io.support.PathMatchingResourcePatternResolver - Searching directory [/home/s2it_ftagliacozzi/workspace/poc/build/classes/test/com] for files matching pattern [/home/s2it_ftagliacozzi/workspace/poc/build/classes/test/com/*.class]
13:43:16.528 [Test worker] DEBUG org.springframework.core.io.support.PathMatchingResourcePatternResolver - Looking for matching resources in jar file [file:/home/s2it_ftagliacozzi/.gradle/caches/modules-2/files-2.1/com.fasterxml.jackson.core/jackson-databind/2.8.11.3/844df5aba5a1a56e00905b165b12bb34116ee858/jackson-databind-2.8.11.3.jar]
13:43:16.535 [Test worker] DEBUG org.springframework.core.io.support.PathMatchingResourcePatternResolver - Looking for matching resources in jar file [file:/home/s2it_ftagliacozzi/.gradle/caches/modules-2/files-2.1/com.jayway.jsonpath/json-path/2.2.0/22290d17944bd239fabf5ac69005a60a7ecbbbcb/json-path-2.2.0.jar]
13:43:16.537 [Test worker] DEBUG org.springframework.core.io.support.PathMatchingResourcePatternResolver - Looking for matching resources in jar file [file:/home/s2it_ftagliacozzi/.gradle/caches/modules-2/files-2.1/com.fasterxml.jackson.core/jackson-annotations/2.8.0/45b426f7796b741035581a176744d91090e2e6fb/jackson-annotations-2.8.0.jar]
13:43:16.538 [Test worker] DEBUG org.springframework.core.io.support.PathMatchingResourcePatternResolver - Looking for matching resources in jar file [file:/home/s2it_ftagliacozzi/.gradle/caches/modules-2/files-2.1/com.fasterxml.jackson.core/jackson-core/2.8.11/876ead1db19f0c9e79c9789273a3ef8c6fd6c29b/jackson-core-2.8.11.jar]
13:43:16.539 [Test worker] DEBUG org.springframework.core.io.support.PathMatchingResourcePatternResolver - Looking for matching resources in jar file [file:/home/s2it_ftagliacozzi/.gradle/caches/modules-2/files-2.1/com.fasterxml/classmate/1.3.4/3d5f48f10bbe4eb7bd862f10c0583be2e0053c6/classmate-1.3.4.jar]
13:43:16.539 [Test worker] DEBUG org.springframework.core.io.support.PathMatchingResourcePatternResolver - Resolved location pattern [classpath*:com/*.class] to resources []
]]></system-out>
  <system-err><![CDATA[]]></system-err>
</testsuite>
